# JRE version: Java(TM) SE Runtime Environment (8.0_171-b11) (build 1.8.0_171-b11)
# Java VM: Java HotSpot(TM) 64-Bit Server VM (25.171-b11 mixed mode windows-amd64 compressed oops)
Heap:
 PSYoungGen      total 116736K, used 33657K [0x000000076b200000, 0x0000000775a80000, 0x00000007c0000000)
  eden space 103936K, 32% used [0x000000076b200000,0x000000076d2de7b8,0x0000000771780000)
  from space 12800K, 0% used [0x0000000771780000,0x0000000771780000,0x0000000772400000)
  to   space 13824K, 0% used [0x0000000774d00000,0x0000000774d00000,0x0000000775a80000)
 ParOldGen       total 109568K, used 10161K [0x00000006c1600000, 0x00000006c8100000, 0x000000076b200000)
  object space 109568K, 9% used [0x00000006c1600000,0x00000006c1fec470,0x00000006c8100000)
 Metaspace       used 30210K, capacity 32350K, committed 32512K, reserved 1077248K
  class space    used 4029K, capacity 4508K, committed 4608K, reserved 1048576K
GC Heap History (10 events):
Event: 21.666 GC heap before
{Heap before GC invocations=6 (full 1):
 PSYoungGen      total 102912K, used 71812K [0x000000076b200000, 0x0000000772e80000, 0x00000007c0000000)
  eden space 92160K, 68% used [0x000000076b200000,0x000000076efb8070,0x0000000770c00000)
  from space 10752K, 80% used [0x0000000771680000,0x0000000771ee90d0,0x0000000772100000)
  to   space 10752K, 0% used [0x0000000770c00000,0x0000000770c00000,0x0000000771680000)
 ParOldGen       total 109568K, used 9950K [0x00000006c1600000, 0x00000006c8100000, 0x000000076b200000)
  object space 109568K, 9% used [0x00000006c1600000,0x00000006c1fb7ad8,0x00000006c8100000)
 Metaspace       used 29855K, capacity 31872K, committed 32128K, reserved 1077248K
  class space    used 3976K, capacity 4389K, committed 4480K, reserved 1048576K
Event: 21.672 GC heap after
Heap after GC invocations=6 (full 1):
 PSYoungGen      total 102912K, used 6675K [0x000000076b200000, 0x0000000772e80000, 0x00000007c0000000)
  eden space 92160K, 0% used [0x000000076b200000,0x000000076b200000,0x0000000770c00000)
  from space 10752K, 62% used [0x0000000770c00000,0x0000000771284fd0,0x0000000771680000)
  to   space 10752K, 0% used [0x0000000772400000,0x0000000772400000,0x0000000772e80000)
 ParOldGen       total 109568K, used 9958K [0x00000006c1600000, 0x00000006c8100000, 0x000000076b200000)
  object space 109568K, 9% used [0x00000006c1600000,0x00000006c1fb9ad8,0x00000006c8100000)
 Metaspace       used 29855K, capacity 31872K, committed 32128K, reserved 1077248K
  class space    used 3976K, capacity 4389K, committed 4480K, reserved 1048576K
}
Event: 21.672 GC heap before
{Heap before GC invocations=7 (full 2):
 PSYoungGen      total 102912K, used 6675K [0x000000076b200000, 0x0000000772e80000, 0x00000007c0000000)
  eden space 92160K, 0% used [0x000000076b200000,0x000000076b200000,0x0000000770c00000)
  from space 10752K, 62% used [0x0000000770c00000,0x0000000771284fd0,0x0000000771680000)
  to   space 10752K, 0% used [0x0000000772400000,0x0000000772400000,0x0000000772e80000)
 ParOldGen       total 109568K, used 9958K [0x00000006c1600000, 0x00000006c8100000, 0x000000076b200000)
  object space 109568K, 9% used [0x00000006c1600000,0x00000006c1fb9ad8,0x00000006c8100000)
 Metaspace       used 29855K, capacity 31872K, committed 32128K, reserved 1077248K
  class space    used 3976K, capacity 4389K, committed 4480K, reserved 1048576K
Event: 21.735 GC heap after
Heap after GC invocations=7 (full 2):
 PSYoungGen      total 102912K, used 0K [0x000000076b200000, 0x0000000772e80000, 0x00000007c0000000)
  eden space 92160K, 0% used [0x000000076b200000,0x000000076b200000,0x0000000770c00000)
  from space 10752K, 0% used [0x0000000770c00000,0x0000000770c00000,0x0000000771680000)
  to   space 10752K, 0% used [0x0000000772400000,0x0000000772400000,0x0000000772e80000)
 ParOldGen       total 109568K, used 11242K [0x00000006c1600000, 0x00000006c8100000, 0x000000076b200000)
  object space 109568K, 10% used [0x00000006c1600000,0x00000006c20fab38,0x00000006c8100000)
 Metaspace       used 29855K, capacity 31872K, committed 32128K, reserved 1077248K
  class space    used 3976K, capacity 4389K, committed 4480K, reserved 1048576K
}
Event: 23.672 GC heap before
{Heap before GC invocations=8 (full 2):
 PSYoungGen      total 102912K, used 92160K [0x000000076b200000, 0x0000000772e80000, 0x00000007c0000000)
  eden space 92160K, 100% used [0x000000076b200000,0x0000000770c00000,0x0000000770c00000)
  from space 10752K, 0% used [0x0000000770c00000,0x0000000770c00000,0x0000000771680000)
  to   space 10752K, 0% used [0x0000000772400000,0x0000000772400000,0x0000000772e80000)
 ParOldGen       total 109568K, used 11242K [0x00000006c1600000, 0x00000006c8100000, 0x000000076b200000)
  object space 109568K, 10% used [0x00000006c1600000,0x00000006c20fab38,0x00000006c8100000)
 Metaspace       used 30042K, capacity 32176K, committed 32384K, reserved 1077248K
  class space    used 4005K, capacity 4459K, committed 4480K, reserved 1048576K
Event: 23.681 GC heap after
Heap after GC invocations=8 (full 2):
 PSYoungGen      total 114688K, used 4015K [0x000000076b200000, 0x0000000775880000, 0x00000007c0000000)
  eden space 103936K, 0% used [0x000000076b200000,0x000000076b200000,0x0000000771780000)
  from space 10752K, 37% used [0x0000000772400000,0x00000007727ebdf0,0x0000000772e80000)
  to   space 12800K, 0% used [0x0000000771780000,0x0000000771780000,0x0000000772400000)
 ParOldGen       total 109568K, used 11250K [0x00000006c1600000, 0x00000006c8100000, 0x000000076b200000)
  object space 109568K, 10% used [0x00000006c1600000,0x00000006c20fcb38,0x00000006c8100000)
 Metaspace       used 30042K, capacity 32176K, committed 32384K, reserved 1077248K
  class space    used 4005K, capacity 4459K, committed 4480K, reserved 1048576K
}
Event: 82.604 GC heap before
{Heap before GC invocations=9 (full 2):
 PSYoungGen      total 114688K, used 66707K [0x000000076b200000, 0x0000000775880000, 0x00000007c0000000)
  eden space 103936K, 60% used [0x000000076b200000,0x000000076ef38ed8,0x0000000771780000)
  from space 10752K, 37% used [0x0000000772400000,0x00000007727ebdf0,0x0000000772e80000)
  to   space 12800K, 0% used [0x0000000771780000,0x0000000771780000,0x0000000772400000)
 ParOldGen       total 109568K, used 11250K [0x00000006c1600000, 0x00000006c8100000, 0x000000076b200000)
  object space 109568K, 10% used [0x00000006c1600000,0x00000006c20fcb38,0x00000006c8100000)
 Metaspace       used 30149K, capacity 32200K, committed 32384K, reserved 1077248K
  class space    used 4018K, capacity 4464K, committed 4480K, reserved 1048576K
Event: 82.606 GC heap after
Heap after GC invocations=9 (full 2):
 PSYoungGen      total 116736K, used 2005K [0x000000076b200000, 0x0000000775a80000, 0x00000007c0000000)
  eden space 103936K, 0% used [0x000000076b200000,0x000000076b200000,0x0000000771780000)
  from space 12800K, 15% used [0x0000000771780000,0x00000007719754d0,0x0000000772400000)
  to   space 13824K, 0% used [0x0000000774d00000,0x0000000774d00000,0x0000000775a80000)
 ParOldGen       total 109568K, used 11258K [0x00000006c1600000, 0x00000006c8100000, 0x000000076b200000)
  object space 109568K, 10% used [0x00000006c1600000,0x00000006c20feb38,0x00000006c8100000)
 Metaspace       used 30149K, capacity 32200K, committed 32384K, reserved 1077248K
  class space    used 4018K, capacity 4464K, committed 4480K, reserved 1048576K
}
Event: 82.606 GC heap before
{Heap before GC invocations=10 (full 3):
 PSYoungGen      total 116736K, used 2005K [0x000000076b200000, 0x0000000775a80000, 0x00000007c0000000)
  eden space 103936K, 0% used [0x000000076b200000,0x000000076b200000,0x0000000771780000)
  from space 12800K, 15% used [0x0000000771780000,0x00000007719754d0,0x0000000772400000)
  to   space 13824K, 0% used [0x0000000774d00000,0x0000000774d00000,0x0000000775a80000)
 ParOldGen       total 109568K, used 11258K [0x00000006c1600000, 0x00000006c8100000, 0x000000076b200000)
  object space 109568K, 10% used [0x00000006c1600000,0x00000006c20feb38,0x00000006c8100000)
 Metaspace       used 30149K, capacity 32200K, committed 32384K, reserved 1077248K
  class space    used 4018K, capacity 4464K, committed 4480K, reserved 1048576K
Event: 82.684 GC heap after
Heap after GC invocations=10 (full 3):
 PSYoungGen      total 116736K, used 0K [0x000000076b200000, 0x0000000775a80000, 0x00000007c0000000)
  eden space 103936K, 0% used [0x000000076b200000,0x000000076b200000,0x0000000771780000)
  from space 12800K, 0% used [0x0000000771780000,0x0000000771780000,0x0000000772400000)
  to   space 13824K, 0% used [0x0000000774d00000,0x0000000774d00000,0x0000000775a80000)
 ParOldGen       total 109568K, used 10161K [0x00000006c1600000, 0x00000006c8100000, 0x000000076b200000)
  object space 109568K, 9% used [0x00000006c1600000,0x00000006c1fec470,0x00000006c8100000)
 Metaspace       used 30147K, capacity 32194K, committed 32384K, reserved 1077248K
  class space    used 4017K, capacity 4462K, committed 4480K, reserved 1048576K
}

