# JRE version: Java(TM) SE Runtime Environment (8.0_171-b11) (build 1.8.0_171-b11)
# Java VM: Java HotSpot(TM) 64-Bit Server VM (25.171-b11 mixed mode windows-amd64 compressed oops)
Heap:
 PSYoungGen      total 70144K, used 30822K [0x000000076b200000, 0x0000000770300000, 0x00000007c0000000)
  eden space 58368K, 52% used [0x000000076b200000,0x000000076d019b98,0x000000076eb00000)
  from space 11776K, 0% used [0x000000076eb00000,0x000000076eb00000,0x000000076f680000)
  to   space 12288K, 0% used [0x000000076f700000,0x000000076f700000,0x0000000770300000)
 ParOldGen       total 111104K, used 9779K [0x00000006c1600000, 0x00000006c8280000, 0x000000076b200000)
  object space 111104K, 8% used [0x00000006c1600000,0x00000006c1f8cd40,0x00000006c8280000)
 Metaspace       used 28183K, capacity 30208K, committed 30336K, reserved 1075200K
  class space    used 3779K, capacity 4128K, committed 4224K, reserved 1048576K
GC Heap History (10 events):
Event: 204.045 GC heap before
{Heap before GC invocations=12 (full 1):
 PSYoungGen      total 70144K, used 63985K [0x000000076b200000, 0x0000000770300000, 0x00000007c0000000)
  eden space 59392K, 98% used [0x000000076b200000,0x000000076eb32008,0x000000076ec00000)
  from space 10752K, 50% used [0x000000076f880000,0x000000076fdca540,0x0000000770300000)
  to   space 11776K, 0% used [0x000000076ec00000,0x000000076ec00000,0x000000076f780000)
 ParOldGen       total 111104K, used 9563K [0x00000006c1600000, 0x00000006c8280000, 0x000000076b200000)
  object space 111104K, 8% used [0x00000006c1600000,0x00000006c1f56f78,0x00000006c8280000)
 Metaspace       used 27903K, capacity 29774K, committed 29952K, reserved 1075200K
  class space    used 3732K, capacity 4082K, committed 4096K, reserved 1048576K
Event: 204.049 GC heap after
Heap after GC invocations=12 (full 1):
 PSYoungGen      total 65536K, used 7154K [0x000000076b200000, 0x0000000770200000, 0x00000007c0000000)
  eden space 58368K, 0% used [0x000000076b200000,0x000000076b200000,0x000000076eb00000)
  from space 7168K, 99% used [0x000000076ec00000,0x000000076f2fc9d8,0x000000076f300000)
  to   space 11776K, 0% used [0x000000076f680000,0x000000076f680000,0x0000000770200000)
 ParOldGen       total 111104K, used 9563K [0x00000006c1600000, 0x00000006c8280000, 0x000000076b200000)
  object space 111104K, 8% used [0x00000006c1600000,0x00000006c1f56f78,0x00000006c8280000)
 Metaspace       used 27903K, capacity 29774K, committed 29952K, reserved 1075200K
  class space    used 3732K, capacity 4082K, committed 4096K, reserved 1048576K
}
Event: 253.312 GC heap before
{Heap before GC invocations=13 (full 1):
 PSYoungGen      total 65536K, used 36999K [0x000000076b200000, 0x0000000770200000, 0x00000007c0000000)
  eden space 58368K, 51% used [0x000000076b200000,0x000000076cf25538,0x000000076eb00000)
  from space 7168K, 99% used [0x000000076ec00000,0x000000076f2fc9d8,0x000000076f300000)
  to   space 11776K, 0% used [0x000000076f680000,0x000000076f680000,0x0000000770200000)
 ParOldGen       total 111104K, used 9563K [0x00000006c1600000, 0x00000006c8280000, 0x000000076b200000)
  object space 111104K, 8% used [0x00000006c1600000,0x00000006c1f56f78,0x00000006c8280000)
 Metaspace       used 28024K, capacity 29886K, committed 29952K, reserved 1075200K
  class space    used 3755K, capacity 4093K, committed 4096K, reserved 1048576K
Event: 253.315 GC heap after
Heap after GC invocations=13 (full 1):
 PSYoungGen      total 70144K, used 4565K [0x000000076b200000, 0x0000000770200000, 0x00000007c0000000)
  eden space 58368K, 0% used [0x000000076b200000,0x000000076b200000,0x000000076eb00000)
  from space 11776K, 38% used [0x000000076f680000,0x000000076faf54f0,0x0000000770200000)
  to   space 11776K, 0% used [0x000000076eb00000,0x000000076eb00000,0x000000076f680000)
 ParOldGen       total 111104K, used 9571K [0x00000006c1600000, 0x00000006c8280000, 0x000000076b200000)
  object space 111104K, 8% used [0x00000006c1600000,0x00000006c1f58f78,0x00000006c8280000)
 Metaspace       used 28024K, capacity 29886K, committed 29952K, reserved 1075200K
  class space    used 3755K, capacity 4093K, committed 4096K, reserved 1048576K
}
Event: 253.315 GC heap before
{Heap before GC invocations=14 (full 2):
 PSYoungGen      total 70144K, used 4565K [0x000000076b200000, 0x0000000770200000, 0x00000007c0000000)
  eden space 58368K, 0% used [0x000000076b200000,0x000000076b200000,0x000000076eb00000)
  from space 11776K, 38% used [0x000000076f680000,0x000000076faf54f0,0x0000000770200000)
  to   space 11776K, 0% used [0x000000076eb00000,0x000000076eb00000,0x000000076f680000)
 ParOldGen       total 111104K, used 9571K [0x00000006c1600000, 0x00000006c8280000, 0x000000076b200000)
  object space 111104K, 8% used [0x00000006c1600000,0x00000006c1f58f78,0x00000006c8280000)
 Metaspace       used 28024K, capacity 29886K, committed 29952K, reserved 1075200K
  class space    used 3755K, capacity 4093K, committed 4096K, reserved 1048576K
Event: 253.386 GC heap after
Heap after GC invocations=14 (full 2):
 PSYoungGen      total 70144K, used 0K [0x000000076b200000, 0x0000000770200000, 0x00000007c0000000)
  eden space 58368K, 0% used [0x000000076b200000,0x000000076b200000,0x000000076eb00000)
  from space 11776K, 0% used [0x000000076f680000,0x000000076f680000,0x0000000770200000)
  to   space 11776K, 0% used [0x000000076eb00000,0x000000076eb00000,0x000000076f680000)
 ParOldGen       total 111104K, used 9119K [0x00000006c1600000, 0x00000006c8280000, 0x000000076b200000)
  object space 111104K, 8% used [0x00000006c1600000,0x00000006c1ee7c38,0x00000006c8280000)
 Metaspace       used 28024K, capacity 29886K, committed 29952K, reserved 1075200K
  class space    used 3755K, capacity 4093K, committed 4096K, reserved 1048576K
}
Event: 338.301 GC heap before
{Heap before GC invocations=15 (full 2):
 PSYoungGen      total 70144K, used 52786K [0x000000076b200000, 0x0000000770200000, 0x00000007c0000000)
  eden space 58368K, 90% used [0x000000076b200000,0x000000076e58ca60,0x000000076eb00000)
  from space 11776K, 0% used [0x000000076f680000,0x000000076f680000,0x0000000770200000)
  to   space 11776K, 0% used [0x000000076eb00000,0x000000076eb00000,0x000000076f680000)
 ParOldGen       total 111104K, used 9119K [0x00000006c1600000, 0x00000006c8280000, 0x000000076b200000)
  object space 111104K, 8% used [0x00000006c1600000,0x00000006c1ee7c38,0x00000006c8280000)
 Metaspace       used 28144K, capacity 30094K, committed 30336K, reserved 1075200K
  class space    used 3773K, capacity 4120K, committed 4224K, reserved 1048576K
Event: 338.303 GC heap after
Heap after GC invocations=15 (full 2):
 PSYoungGen      total 70144K, used 2416K [0x000000076b200000, 0x0000000770300000, 0x00000007c0000000)
  eden space 58368K, 0% used [0x000000076b200000,0x000000076b200000,0x000000076eb00000)
  from space 11776K, 20% used [0x000000076eb00000,0x000000076ed5c360,0x000000076f680000)
  to   space 12288K, 0% used [0x000000076f700000,0x000000076f700000,0x0000000770300000)
 ParOldGen       total 111104K, used 9127K [0x00000006c1600000, 0x00000006c8280000, 0x000000076b200000)
  object space 111104K, 8% used [0x00000006c1600000,0x00000006c1ee9c38,0x00000006c8280000)
 Metaspace       used 28144K, capacity 30094K, committed 30336K, reserved 1075200K
  class space    used 3773K, capacity 4120K, committed 4224K, reserved 1048576K
}
Event: 338.303 GC heap before
{Heap before GC invocations=16 (full 3):
 PSYoungGen      total 70144K, used 2416K [0x000000076b200000, 0x0000000770300000, 0x00000007c0000000)
  eden space 58368K, 0% used [0x000000076b200000,0x000000076b200000,0x000000076eb00000)
  from space 11776K, 20% used [0x000000076eb00000,0x000000076ed5c360,0x000000076f680000)
  to   space 12288K, 0% used [0x000000076f700000,0x000000076f700000,0x0000000770300000)
 ParOldGen       total 111104K, used 9127K [0x00000006c1600000, 0x00000006c8280000, 0x000000076b200000)
  object space 111104K, 8% used [0x00000006c1600000,0x00000006c1ee9c38,0x00000006c8280000)
 Metaspace       used 28144K, capacity 30094K, committed 30336K, reserved 1075200K
  class space    used 3773K, capacity 4120K, committed 4224K, reserved 1048576K
Event: 338.369 GC heap after
Heap after GC invocations=16 (full 3):
 PSYoungGen      total 70144K, used 0K [0x000000076b200000, 0x0000000770300000, 0x00000007c0000000)
  eden space 58368K, 0% used [0x000000076b200000,0x000000076b200000,0x000000076eb00000)
  from space 11776K, 0% used [0x000000076eb00000,0x000000076eb00000,0x000000076f680000)
  to   space 12288K, 0% used [0x000000076f700000,0x000000076f700000,0x0000000770300000)
 ParOldGen       total 111104K, used 9779K [0x00000006c1600000, 0x00000006c8280000, 0x000000076b200000)
  object space 111104K, 8% used [0x00000006c1600000,0x00000006c1f8cd40,0x00000006c8280000)
 Metaspace       used 28142K, capacity 30088K, committed 30336K, reserved 1075200K
  class space    used 3772K, capacity 4118K, committed 4224K, reserved 1048576K
}

